{"/Users/patryk/Projects/coinChangerKata/spec/coinChanger_spec.js":{"path":"/Users/patryk/Projects/coinChangerKata/spec/coinChanger_spec.js","s":{"1":1,"2":1,"3":1,"4":1,"5":1,"6":1},"b":{},"f":{"1":1,"2":1,"3":1},"fnMap":{"1":{"name":"(anonymous_1)","line":3,"loc":{"start":{"line":3,"column":25},"end":{"line":3,"column":35}}},"2":{"name":"(anonymous_2)","line":4,"loc":{"start":{"line":4,"column":13},"end":{"line":4,"column":23}}},"3":{"name":"(anonymous_3)","line":7,"loc":{"start":{"line":7,"column":61},"end":{"line":7,"column":71}}}},"statementMap":{"1":{"start":{"line":1,"column":0},"end":{"line":1,"column":42}},"2":{"start":{"line":3,"column":0},"end":{"line":10,"column":2}},"3":{"start":{"line":4,"column":2},"end":{"line":6,"column":4}},"4":{"start":{"line":5,"column":4},"end":{"line":5,"column":29}},"5":{"start":{"line":7,"column":2},"end":{"line":9,"column":4}},"6":{"start":{"line":8,"column":4},"end":{"line":8,"column":47}}},"branchMap":{}},"/Users/patryk/Projects/coinChangerKata/coinChanger.js":{"path":"/Users/patryk/Projects/coinChangerKata/coinChanger.js","s":{"1":1,"2":1},"b":{},"f":{"1":1,"2":1},"fnMap":{"1":{"name":"(anonymous_1)","line":2,"loc":{"start":{"line":2,"column":13},"end":{"line":2,"column":16}}},"2":{"name":"(anonymous_2)","line":4,"loc":{"start":{"line":4,"column":8},"end":{"line":4,"column":17}}}},"statementMap":{"1":{"start":{"line":5,"column":4},"end":{"line":5,"column":20}},"2":{"start":{"line":8,"column":0},"end":{"line":8,"column":20}}},"branchMap":{}}}