{"/Users/patryk/Projects/coinChangerKata/spec/coinChanger_spec.js":{"path":"/Users/patryk/Projects/coinChangerKata/spec/coinChanger_spec.js","s":{"1":1,"2":1,"3":1,"4":4,"5":1,"6":1,"7":1,"8":1,"9":1,"10":1,"11":1,"12":1,"13":1},"b":{},"f":{"1":1,"2":4,"3":1,"4":1,"5":1,"6":1,"7":1},"fnMap":{"1":{"name":"(anonymous_1)","line":3,"loc":{"start":{"line":3,"column":25},"end":{"line":3,"column":35}}},"2":{"name":"(anonymous_2)","line":4,"loc":{"start":{"line":4,"column":13},"end":{"line":4,"column":23}}},"3":{"name":"(anonymous_3)","line":7,"loc":{"start":{"line":7,"column":62},"end":{"line":7,"column":72}}},"4":{"name":"(anonymous_4)","line":8,"loc":{"start":{"line":8,"column":59},"end":{"line":8,"column":69}}},"5":{"name":"(anonymous_5)","line":11,"loc":{"start":{"line":11,"column":40},"end":{"line":11,"column":50}}},"6":{"name":"(anonymous_6)","line":14,"loc":{"start":{"line":14,"column":40},"end":{"line":14,"column":50}}},"7":{"name":"(anonymous_7)","line":17,"loc":{"start":{"line":17,"column":39},"end":{"line":17,"column":49}}}},"statementMap":{"1":{"start":{"line":1,"column":0},"end":{"line":1,"column":42}},"2":{"start":{"line":3,"column":0},"end":{"line":27,"column":2}},"3":{"start":{"line":4,"column":2},"end":{"line":6,"column":4}},"4":{"start":{"line":5,"column":4},"end":{"line":5,"column":29}},"5":{"start":{"line":7,"column":2},"end":{"line":26,"column":4}},"6":{"start":{"line":8,"column":4},"end":{"line":10,"column":6}},"7":{"start":{"line":9,"column":6},"end":{"line":9,"column":73}},"8":{"start":{"line":11,"column":4},"end":{"line":13,"column":6}},"9":{"start":{"line":12,"column":6},"end":{"line":12,"column":72}},"10":{"start":{"line":14,"column":4},"end":{"line":16,"column":6}},"11":{"start":{"line":15,"column":6},"end":{"line":15,"column":72}},"12":{"start":{"line":17,"column":4},"end":{"line":19,"column":6}},"13":{"start":{"line":18,"column":6},"end":{"line":18,"column":72}}},"branchMap":{}},"/Users/patryk/Projects/coinChangerKata/coinChanger.js":{"path":"/Users/patryk/Projects/coinChangerKata/coinChanger.js","s":{"1":4,"2":4,"3":4,"4":4,"5":4,"6":4,"7":4,"8":4,"9":4,"10":4,"11":4,"12":4,"13":4,"14":4,"15":4,"16":4,"17":4,"18":4,"19":4,"20":4,"21":1},"b":{},"f":{"1":4,"2":4,"3":4,"4":4,"5":4,"6":4},"fnMap":{"1":{"name":"(anonymous_1)","line":2,"loc":{"start":{"line":2,"column":13},"end":{"line":2,"column":39}}},"2":{"name":"(anonymous_2)","line":6,"loc":{"start":{"line":6,"column":8},"end":{"line":6,"column":17}}},"3":{"name":"(anonymous_3)","line":13,"loc":{"start":{"line":13,"column":12},"end":{"line":13,"column":21}}},"4":{"name":"(anonymous_4)","line":19,"loc":{"start":{"line":19,"column":12},"end":{"line":19,"column":15}}},"5":{"name":"(anonymous_5)","line":24,"loc":{"start":{"line":24,"column":12},"end":{"line":24,"column":15}}},"6":{"name":"(anonymous_6)","line":29,"loc":{"start":{"line":29,"column":11},"end":{"line":29,"column":14}}}},"statementMap":{"1":{"start":{"line":3,"column":4},"end":{"line":3,"column":24}},"2":{"start":{"line":4,"column":4},"end":{"line":4,"column":24}},"3":{"start":{"line":7,"column":4},"end":{"line":7,"column":27}},"4":{"start":{"line":8,"column":4},"end":{"line":8,"column":21}},"5":{"start":{"line":9,"column":4},"end":{"line":9,"column":21}},"6":{"start":{"line":10,"column":4},"end":{"line":10,"column":20}},"7":{"start":{"line":11,"column":4},"end":{"line":11,"column":22}},"8":{"start":{"line":14,"column":4},"end":{"line":14,"column":51}},"9":{"start":{"line":15,"column":4},"end":{"line":15,"column":59}},"10":{"start":{"line":16,"column":4},"end":{"line":16,"column":24}},"11":{"start":{"line":17,"column":4},"end":{"line":17,"column":41}},"12":{"start":{"line":20,"column":4},"end":{"line":20,"column":57}},"13":{"start":{"line":21,"column":4},"end":{"line":21,"column":60}},"14":{"start":{"line":22,"column":4},"end":{"line":22,"column":42}},"15":{"start":{"line":25,"column":4},"end":{"line":25,"column":54}},"16":{"start":{"line":26,"column":4},"end":{"line":26,"column":57}},"17":{"start":{"line":27,"column":4},"end":{"line":27,"column":39}},"18":{"start":{"line":30,"column":4},"end":{"line":30,"column":53}},"19":{"start":{"line":31,"column":4},"end":{"line":31,"column":56}},"20":{"start":{"line":32,"column":4},"end":{"line":32,"column":38}},"21":{"start":{"line":35,"column":0},"end":{"line":35,"column":20}}},"branchMap":{}}}