TN:
SF:/Users/patryk/Projects/coinChangerKata/spec/cashier_spec.js
FN:4,(anonymous_1)
FN:5,(anonymous_2)
FN:8,(anonymous_3)
FN:9,(anonymous_4)
FN:13,(anonymous_5)
FN:18,(anonymous_6)
FN:22,(anonymous_7)
FN:26,(anonymous_8)
FN:30,(anonymous_9)
FN:34,(anonymous_10)
FN:38,(anonymous_11)
FN:42,(anonymous_12)
FN:43,(anonymous_13)
FN:48,(anonymous_14)
FN:49,(anonymous_15)
FN:50,(anonymous_16)
FNF:16
FNH:16
FNDA:1,(anonymous_1)
FNDA:10,(anonymous_2)
FNDA:1,(anonymous_3)
FNDA:1,(anonymous_4)
FNDA:1,(anonymous_5)
FNDA:1,(anonymous_6)
FNDA:1,(anonymous_7)
FNDA:1,(anonymous_8)
FNDA:1,(anonymous_9)
FNDA:1,(anonymous_10)
FNDA:1,(anonymous_11)
FNDA:1,(anonymous_12)
FNDA:1,(anonymous_13)
FNDA:1,(anonymous_14)
FNDA:1,(anonymous_15)
FNDA:1,(anonymous_16)
DA:1,1
DA:2,1
DA:4,1
DA:5,1
DA:6,10
DA:8,1
DA:9,1
DA:10,1
DA:11,1
DA:13,1
DA:15,1
DA:16,1
DA:18,1
DA:19,1
DA:20,1
DA:22,1
DA:23,1
DA:24,1
DA:26,1
DA:27,1
DA:28,1
DA:30,1
DA:31,1
DA:32,1
DA:34,1
DA:35,1
DA:36,1
DA:38,1
DA:39,1
DA:40,1
DA:42,1
DA:43,1
DA:44,1
DA:48,1
DA:49,1
DA:50,1
DA:51,1
LF:37
LH:37
BRF:0
BRH:0
end_of_record
TN:
SF:/Users/patryk/Projects/coinChangerKata/src/coinChanger.js
FN:3,(anonymous_1)
FN:7,(anonymous_2)
FN:26,(anonymous_3)
FNF:3
FNH:3
FNDA:14,(anonymous_1)
FNDA:15,(anonymous_2)
FNDA:120,(anonymous_3)
DA:1,1
DA:4,14
DA:5,14
DA:8,15
DA:9,15
DA:19,15
DA:20,1
DA:23,14
DA:27,120
DA:28,120
DA:29,120
DA:30,9
DA:31,9
DA:32,9
DA:35,111
DA:36,111
DA:37,111
DA:41,1
LF:18
LH:18
BRDA:19,1,0,1
BRDA:19,1,1,14
BRDA:29,2,0,9
BRDA:29,2,1,111
BRF:4
BRH:4
end_of_record
TN:
SF:/Users/patryk/Projects/coinChangerKata/src/cashier.js
FN:2,(anonymous_1)
FN:15,(anonymous_2)
FN:43,(anonymous_3)
FNF:3
FNH:3
FNDA:24,(anonymous_1)
FNDA:9,(anonymous_2)
FNDA:121,(anonymous_3)
DA:3,24
DA:16,9
DA:17,1
DA:19,8
DA:20,1
DA:22,7
DA:23,1
DA:25,6
DA:26,1
DA:28,5
DA:29,1
DA:31,4
DA:32,1
DA:34,3
DA:35,1
DA:37,2
DA:38,1
DA:41,1
DA:44,121
DA:45,15
DA:47,106
DA:48,15
DA:50,91
DA:51,15
DA:53,76
DA:54,15
DA:56,61
DA:57,15
DA:59,46
DA:60,15
DA:62,31
DA:63,15
DA:65,16
DA:66,15
DA:69,1
DA:72,1
LF:36
LH:36
BRDA:16,1,0,1
BRDA:16,1,1,8
BRDA:19,2,0,1
BRDA:19,2,1,7
BRDA:22,3,0,1
BRDA:22,3,1,6
BRDA:25,4,0,1
BRDA:25,4,1,5
BRDA:28,5,0,1
BRDA:28,5,1,4
BRDA:31,6,0,1
BRDA:31,6,1,3
BRDA:34,7,0,1
BRDA:34,7,1,2
BRDA:37,8,0,1
BRDA:37,8,1,1
BRDA:44,9,0,15
BRDA:44,9,1,106
BRDA:47,10,0,15
BRDA:47,10,1,91
BRDA:50,11,0,15
BRDA:50,11,1,76
BRDA:53,12,0,15
BRDA:53,12,1,61
BRDA:56,13,0,15
BRDA:56,13,1,46
BRDA:59,14,0,15
BRDA:59,14,1,31
BRDA:62,15,0,15
BRDA:62,15,1,16
BRDA:65,16,0,15
BRDA:65,16,1,1
BRF:32
BRH:32
end_of_record
TN:
SF:/Users/patryk/Projects/coinChangerKata/spec/coinChanger_spec.js
FN:3,(anonymous_1)
FN:4,(anonymous_2)
FN:5,(anonymous_3)
FN:8,(anonymous_4)
FN:11,(anonymous_5)
FN:14,(anonymous_6)
FN:17,(anonymous_7)
FN:20,(anonymous_8)
FN:23,(anonymous_9)
FN:26,(anonymous_10)
FN:29,(anonymous_11)
FN:32,(anonymous_12)
FN:35,(anonymous_13)
FN:38,(anonymous_14)
FNF:14
FNH:14
FNDA:1,(anonymous_1)
FNDA:1,(anonymous_2)
FNDA:11,(anonymous_3)
FNDA:1,(anonymous_4)
FNDA:1,(anonymous_5)
FNDA:1,(anonymous_6)
FNDA:1,(anonymous_7)
FNDA:1,(anonymous_8)
FNDA:1,(anonymous_9)
FNDA:1,(anonymous_10)
FNDA:1,(anonymous_11)
FNDA:1,(anonymous_12)
FNDA:1,(anonymous_13)
FNDA:1,(anonymous_14)
DA:1,1
DA:3,1
DA:4,1
DA:5,1
DA:6,11
DA:8,1
DA:9,1
DA:11,1
DA:12,1
DA:14,1
DA:15,1
DA:17,1
DA:18,1
DA:20,1
DA:21,1
DA:23,1
DA:24,1
DA:26,1
DA:27,1
DA:29,1
DA:30,1
DA:32,1
DA:33,1
DA:35,1
DA:36,1
DA:38,1
DA:39,1
DA:40,1
LF:28
LH:28
BRF:0
BRH:0
end_of_record
TN:
SF:/Users/patryk/Projects/coinChangerKata/spec/integration_spec.js
FN:4,(anonymous_1)
FN:5,(anonymous_2)
FN:16,(anonymous_3)
FN:19,(anonymous_4)
FN:24,(anonymous_5)
FNF:5
FNH:5
FNDA:1,(anonymous_1)
FNDA:3,(anonymous_2)
FNDA:1,(anonymous_3)
FNDA:1,(anonymous_4)
FNDA:1,(anonymous_5)
DA:1,1
DA:2,1
DA:4,1
DA:5,1
DA:6,3
DA:7,3
DA:8,3
DA:9,3
DA:10,3
DA:11,3
DA:12,3
DA:13,3
DA:14,3
DA:16,1
DA:17,1
DA:19,1
DA:20,1
DA:21,1
DA:22,1
DA:24,1
DA:25,1
DA:26,1
DA:27,1
LF:23
LH:23
BRF:0
BRH:0
end_of_record
